<?xml version="1.0" encoding="UTF-8"?>
<testng-results ignored="0" total="0" passed="0" failed="0" skipped="0">
  <reporter-output>
  </reporter-output>
  <suite started-at="2022-01-09T12:31:00 ICT" name="All Test Suite" finished-at="2022-01-09T12:31:00 ICT" duration-ms="5">
    <groups>
    </groups>
    <test started-at="2022-01-09T12:31:00 ICT" name="C:/Users/admin/IdeaProjects/KMAacademy" finished-at="2022-01-09T12:31:00 ICT" duration-ms="5">
    </test> <!-- C:/Users/admin/IdeaProjects/KMAacademy -->
  </suite> <!-- All Test Suite -->
</testng-results>
